Unity Editor version:    2020.3.33f1 (915a7af8b0d5)
Branch:                  2020.3/staging
Build type:              Release
Batch mode:              YES
macOS version:           Version 12.1 (Build 21C52)
Darwin version:          21.2.0
Architecture:            x86_64
Running under Rosetta:   YES
Available memory:        8192 MB
Using pre-set license
Pro License: NO

COMMAND LINE ARGUMENTS:
/Applications/Unity/Hub/Editor/2020.3.33f1/Unity.app/Contents/MacOS/Unity
-adb2
-batchMode
-noUpm
-name
AssetImportWorker0
-projectPath
/Users/ray/Desktop/Projects/Github/DungeonHunter/DungeonHunter
-logFile
Logs/AssetImportWorker0.log
-srvPort
55680
Successfully changed project path to: /Users/ray/Desktop/Projects/Github/DungeonHunter/DungeonHunter
/Users/ray/Desktop/Projects/Github/DungeonHunter/DungeonHunter
Using Asset Import Pipeline V2.
Refreshing native plugins compatible for Editor in 44.35 ms, found 3 plugins.
Preloading 0 native plugins for Editor in 0.00 ms.
Initialize engine version: 2020.3.33f1 (915a7af8b0d5)
[Subsystems] Discovering subsystems at path /Applications/Unity/Hub/Editor/2020.3.33f1/Unity.app/Contents/Resources/UnitySubsystems
[Subsystems] Discovering subsystems at path /Users/ray/Desktop/Projects/Github/DungeonHunter/DungeonHunter/Assets
GfxDevice: creating device client; threaded=0
2022-05-28 12:04:19.955 Unity[10025:959784] (null) preferred device: Apple M1 (high power)
2022-05-28 12:04:19.955 Unity[10025:959784] Metal devices available: 1
2022-05-28 12:04:19.955 Unity[10025:959784] 0: Apple M1 (high power)
2022-05-28 12:04:19.955 Unity[10025:959784] Using device Apple M1 (high power)
Initializing Metal device caps: Apple M1
Initialize mono
Mono path[0] = '/Applications/Unity/Hub/Editor/2020.3.33f1/Unity.app/Contents/Managed'
Mono path[1] = '/Applications/Unity/Hub/Editor/2020.3.33f1/Unity.app/Contents/MonoBleedingEdge/lib/mono/unityjit'
Mono config path = '/Applications/Unity/Hub/Editor/2020.3.33f1/Unity.app/Contents/MonoBleedingEdge/etc'
Using monoOptions --debugger-agent=transport=dt_socket,embedding=1,server=y,suspend=n,address=127.0.0.1:56025
Begin MonoManager ReloadAssembly
Registering precompiled unity dll's ...
Register platform support module: /Applications/Unity/Hub/Editor/2020.3.33f1/Unity.app/Contents/PlaybackEngines/MacStandaloneSupport/UnityEditor.OSXStandalone.Extensions.dll
Register platform support module: /Applications/Unity/Hub/Editor/2020.3.33f1/PlaybackEngines/WindowsStandaloneSupport/UnityEditor.WindowsStandalone.Extensions.dll
Registered in 0.002664 seconds.
Native extension for WindowsStandalone target not found
Native extension for OSXStandalone target not found
Refreshing native plugins compatible for Editor in 44.21 ms, found 3 plugins.
Preloading 0 native plugins for Editor in 0.00 ms.
Mono: successfully reloaded assembly
- Completed reload, in  1.135 seconds
Domain Reload Profiling:
	ReloadAssembly (1136ms)
		BeginReloadAssembly (96ms)
			ExecutionOrderSort (0ms)
			DisableScriptedObjects (0ms)
			BackupInstance (0ms)
			ReleaseScriptingObjects (0ms)
			CreateAndSetChildDomain (2ms)
		EndReloadAssembly (923ms)
			LoadAssemblies (95ms)
			RebuildTransferFunctionScriptingTraits (0ms)
			SetupTypeCache (181ms)
			ReleaseScriptCaches (0ms)
			RebuildScriptCaches (38ms)
			SetupLoadedEditorAssemblies (465ms)
				LogAssemblyErrors (0ms)
				InitializePlatformSupportModulesInManaged (12ms)
				SetLoadedEditorAssemblies (0ms)
				RefreshPlugins (44ms)
				BeforeProcessingInitializeOnLoad (71ms)
				ProcessInitializeOnLoadAttributes (251ms)
				ProcessInitializeOnLoadMethodAttributes (86ms)
				AfterProcessingInitializeOnLoad (0ms)
				EditorAssembliesLoaded (1ms)
			ExecutionOrderSort2 (0ms)
			AwakeInstancesAfterBackupRestoration (0ms)
Platform modules already initialized, skipping
Registering precompiled user dll's ...
Registered in 0.002481 seconds.
Begin MonoManager ReloadAssembly
Symbol file LoadedFromMemory doesn't match image /Users/ray/Desktop/Projects/Github/DungeonHunter/DungeonHunter/Library/PackageCache/com.unity.collab-proxy@1.15.15/Lib/Editor/PlasticSCM/unityplastic.dll
Native extension for WindowsStandalone target not found
Native extension for OSXStandalone target not found
Refreshing native plugins compatible for Editor in 43.44 ms, found 3 plugins.
Preloading 0 native plugins for Editor in 0.00 ms.
Mono: successfully reloaded assembly
- Completed reload, in  1.973 seconds
Domain Reload Profiling:
	ReloadAssembly (1975ms)
		BeginReloadAssembly (219ms)
			ExecutionOrderSort (0ms)
			DisableScriptedObjects (31ms)
			BackupInstance (0ms)
			ReleaseScriptingObjects (0ms)
			CreateAndSetChildDomain (30ms)
		EndReloadAssembly (1671ms)
			LoadAssemblies (161ms)
			RebuildTransferFunctionScriptingTraits (0ms)
			SetupTypeCache (324ms)
			ReleaseScriptCaches (1ms)
			RebuildScriptCaches (55ms)
			SetupLoadedEditorAssemblies (856ms)
				LogAssemblyErrors (0ms)
				InitializePlatformSupportModulesInManaged (10ms)
				SetLoadedEditorAssemblies (0ms)
				RefreshPlugins (43ms)
				BeforeProcessingInitializeOnLoad (156ms)
				ProcessInitializeOnLoadAttributes (601ms)
				ProcessInitializeOnLoadMethodAttributes (44ms)
				AfterProcessingInitializeOnLoad (1ms)
				EditorAssembliesLoaded (0ms)
			ExecutionOrderSort2 (0ms)
			AwakeInstancesAfterBackupRestoration (28ms)
Platform modules already initialized, skipping
Validating Project structure ... 0.004767 seconds.
Shader import version has changed; will reimport all shaders...
Upgrading shader files ...0.014356 seconds.
Application.AssetDatabase Initial Script Refresh Start
RefreshInfo: InitialScriptRefreshV2(NoUpdateAssetOptions) scanfilter:  ... 1 filters
RefreshProfiler: Total: 0.000ms
Application.AssetDatabase Initial Script Refresh End
Application.AssetDatabase.Refresh Start
Application.AssetDatabase.Refresh End
RefreshInfo: StopAssetImportingV2(ForceSynchronousImport) scanfilter: 
RefreshProfiler: Total: 0.000ms
Launching external process: /Applications/Unity/Hub/Editor/2020.3.33f1/Unity.app/Contents/Tools/UnityShaderCompiler
Launched and connected shader compiler UnityShaderCompiler after 0.03 seconds
Initializing Unity extensions:
2022-05-28 12:04:24.262 Unity[10025:959784] NSEventModifierFlagFunction specified to -setKeyEquivalentModifierMask: for item <NSMenuItem: 0x600003051ab0 Font Asset, ke='Command-F12'>, but is only supported for system-provided menu items; will not be used
2022-05-28 12:04:24.265 Unity[10025:959784] NSEventModifierFlagFunction specified to -setKeyEquivalentModifierMask: for item <NSMenuItem: 0x6000030463e0 Font Asset, ke='Command-F12'>, but is only supported for system-provided menu items; will not be used
========================================================================
Worker process is ready to serve import requests
Refreshing native plugins compatible for Editor in 0.28 ms, found 3 plugins.
Preloading 0 native plugins for Editor in 0.00 ms.
Unloading 2280 Unused Serialized files (Serialized files now loaded: 0)
System memory in use before: 217.6 MB.
System memory in use after: 216.9 MB.

Unloading 162 unused Assets to reduce memory usage. Loaded Objects now: 2760.
Total: 2.571916 ms (FindLiveObjects: 0.098208 ms CreateObjectMapping: 0.045042 ms MarkObjects: 2.002166 ms  DeleteObjects: 0.424875 ms)

AssetImportParameters requested are different than current active one (requested -> active):
  custom:video-decoder-ogg-theora: a1e56fd34408186e4bbccfd4996cb3dc -> 
  custom:container-muxer-webm: aa71ff27fc2769a1b78a27578f13a17b -> 
  custom:container-demuxer-webm: 4f35f7cbe854078d1ac9338744f61a02 -> 
  custom:container-demuxer-ogg: 62fdf1f143b41e24485cea50d1cbac27 -> 
  custom:video-encoder-webm-vp8: eb34c28f22e8b96e1ab97ce403110664 -> 
  custom:framework-osx-AVFoundation: e770b220cccbd017edd2c1fefb359320 -> 
  custom:video-decoder-webm-vp8: 9c59270c3fd7afecdb556c50c9e8de78 -> 
  custom:audio-decoder-ogg-vorbis: bf7c407c2cedff20999df2af8eb42d56 -> 
  custom:audio-encoder-webm-vorbis: bf7c407c2cedff20999df2af8eb42d56 -> 
========================================================================
Received Import Request.
  path: Assets/Prefabs/Enemies/Skeleton Priest.prefab
  artifactKey: Guid(f3f0332fd6a3f44baac69a6c534f3880) Importer(815301076,1909f56bfc062723c751e8b465ee728b)
Start importing Assets/Prefabs/Enemies/Skeleton Priest.prefab using Guid(f3f0332fd6a3f44baac69a6c534f3880) Importer(815301076,1909f56bfc062723c751e8b465ee728b)  -> (artifact id: '2108426076ee7fc73e7ef925d0d1b837') in 0.679239 seconds 
========================================================================
Received Import Request.
  Time since last request: 0.000267 seconds.
  path: Assets/Prefabs/Enemies/The Eye
  artifactKey: Guid(543508ca5b9c049e5a4291890ae4b59b) Importer(815301076,1909f56bfc062723c751e8b465ee728b)
Start importing Assets/Prefabs/Enemies/The Eye using Guid(543508ca5b9c049e5a4291890ae4b59b) Importer(815301076,1909f56bfc062723c751e8b465ee728b)  -> (artifact id: '85353cac55cfb46f11bc855666661778') in 0.000862 seconds 
========================================================================
Received Prepare
Registering precompiled user dll's ...
Registered in 0.004408 seconds.
Begin MonoManager ReloadAssembly
Symbol file LoadedFromMemory doesn't match image /Users/ray/Desktop/Projects/Github/DungeonHunter/DungeonHunter/Library/PackageCache/com.unity.collab-proxy@1.15.15/Lib/Editor/PlasticSCM/unityplastic.dll
Native extension for WindowsStandalone target not found
Native extension for OSXStandalone target not found
Refreshing native plugins compatible for Editor in 0.44 ms, found 3 plugins.
Preloading 0 native plugins for Editor in 0.00 ms.
2022-05-28 12:23:34.425 Unity[10025:959784] NSEventModifierFlagFunction specified to -setKeyEquivalentModifierMask: for item <NSMenuItem: 0x600003059b20 Font Asset, ke='Command-F12'>, but is only supported for system-provided menu items; will not be used
Mono: successfully reloaded assembly
- Completed reload, in  2.110 seconds
Domain Reload Profiling:
	ReloadAssembly (2111ms)
		BeginReloadAssembly (252ms)
			ExecutionOrderSort (0ms)
			DisableScriptedObjects (32ms)
			BackupInstance (0ms)
			ReleaseScriptingObjects (0ms)
			CreateAndSetChildDomain (84ms)
		EndReloadAssembly (1769ms)
			LoadAssemblies (222ms)
			RebuildTransferFunctionScriptingTraits (0ms)
			SetupTypeCache (371ms)
			ReleaseScriptCaches (1ms)
			RebuildScriptCaches (63ms)
			SetupLoadedEditorAssemblies (887ms)
				LogAssemblyErrors (0ms)
				InitializePlatformSupportModulesInManaged (13ms)
				SetLoadedEditorAssemblies (1ms)
				RefreshPlugins (0ms)
				BeforeProcessingInitializeOnLoad (235ms)
				ProcessInitializeOnLoadAttributes (596ms)
				ProcessInitializeOnLoadMethodAttributes (40ms)
				AfterProcessingInitializeOnLoad (1ms)
				EditorAssembliesLoaded (0ms)
			ExecutionOrderSort2 (0ms)
			AwakeInstancesAfterBackupRestoration (33ms)
Platform modules already initialized, skipping
Refreshing native plugins compatible for Editor in 0.40 ms, found 3 plugins.
Preloading 0 native plugins for Editor in 0.00 ms.
Unloading 2256 Unused Serialized files (Serialized files now loaded: 0)
System memory in use before: 218.7 MB.
System memory in use after: 218.9 MB.

Unloading 15 unused Assets to reduce memory usage. Loaded Objects now: 2770.
Total: 2.184250 ms (FindLiveObjects: 0.118875 ms CreateObjectMapping: 0.047875 ms MarkObjects: 1.996084 ms  DeleteObjects: 0.020417 ms)

AssetImportParameters requested are different than current active one (requested -> active):
  custom:video-decoder-ogg-theora: a1e56fd34408186e4bbccfd4996cb3dc -> 
  custom:container-muxer-webm: aa71ff27fc2769a1b78a27578f13a17b -> 
  custom:container-demuxer-webm: 4f35f7cbe854078d1ac9338744f61a02 -> 
  custom:container-demuxer-ogg: 62fdf1f143b41e24485cea50d1cbac27 -> 
  custom:video-encoder-webm-vp8: eb34c28f22e8b96e1ab97ce403110664 -> 
  custom:framework-osx-AVFoundation: e770b220cccbd017edd2c1fefb359320 -> 
  custom:video-decoder-webm-vp8: 9c59270c3fd7afecdb556c50c9e8de78 -> 
  custom:audio-decoder-ogg-vorbis: bf7c407c2cedff20999df2af8eb42d56 -> 
  custom:audio-encoder-webm-vorbis: bf7c407c2cedff20999df2af8eb42d56 -> 
========================================================================
Received Import Request.
  Time since last request: 1170.179699 seconds.
  path: Assets/Prefabs/Enemies/Great Beholder.prefab
  artifactKey: Guid(11a40c58c96004e099de58fcb05ceca1) Importer(815301076,1909f56bfc062723c751e8b465ee728b)
Start importing Assets/Prefabs/Enemies/Great Beholder.prefab using Guid(11a40c58c96004e099de58fcb05ceca1) Importer(815301076,1909f56bfc062723c751e8b465ee728b)  -> (artifact id: 'de0e8fe606b2fe1ae31abf6a94bfdbff') in 0.178337 seconds 
========================================================================
Received Import Request.
  Time since last request: 33.769982 seconds.
  path: Assets/Animation/Enemies/Great Beholder
  artifactKey: Guid(1bfae2a3aa10e4932bdedf6ccf71531b) Importer(815301076,1909f56bfc062723c751e8b465ee728b)
Start importing Assets/Animation/Enemies/Great Beholder using Guid(1bfae2a3aa10e4932bdedf6ccf71531b) Importer(815301076,1909f56bfc062723c751e8b465ee728b)  -> (artifact id: '6b763e3f3cab124c3d109bde53bb6578') in 0.001106 seconds 
========================================================================
Received Import Request.
  Time since last request: 19.106228 seconds.
  path: Assets/Animation/Enemies/Great Beholder/Great Beholder Animator.controller
  artifactKey: Guid(8d4399087bd9740729e3e8e6c247b286) Importer(815301076,1909f56bfc062723c751e8b465ee728b)
Start importing Assets/Animation/Enemies/Great Beholder/Great Beholder Animator.controller using Guid(8d4399087bd9740729e3e8e6c247b286) Importer(815301076,1909f56bfc062723c751e8b465ee728b)  -> (artifact id: '91250c7eb13cfc1d446ac3aadffbe9ce') in 0.122459 seconds 
========================================================================
Received Import Request.
  Time since last request: 41.992434 seconds.
  path: Assets/Animation/Enemies/Great Beholder/Great Beholder - Idle.anim
  artifactKey: Guid(d31a52cbdb7854293b62315cbcd4016e) Importer(815301076,1909f56bfc062723c751e8b465ee728b)
Start importing Assets/Animation/Enemies/Great Beholder/Great Beholder - Idle.anim using Guid(d31a52cbdb7854293b62315cbcd4016e) Importer(815301076,1909f56bfc062723c751e8b465ee728b)  -> (artifact id: '9b1146f54ef6c4f2f7e5b74800ef9e24') in 0.075942 seconds 
========================================================================
Received Import Request.
  Time since last request: 131.870049 seconds.
  path: Assets/Sprites/Enemies/Great Beholder/Great Beholder Spritesheet.png
  artifactKey: Guid(8654f18e6a3b143de95d49326d49cdd5) Importer(815301076,1909f56bfc062723c751e8b465ee728b)
Start importing Assets/Sprites/Enemies/Great Beholder/Great Beholder Spritesheet.png using Guid(8654f18e6a3b143de95d49326d49cdd5) Importer(815301076,1909f56bfc062723c751e8b465ee728b)  -> (artifact id: '5d990a81f14f37ddaf3d7b7328753ed2') in 0.497273 seconds 
========================================================================
Received Import Request.
  Time since last request: 34.506792 seconds.
  path: Assets/Sprites/Enemies/Great Beholder/Great Beholder Spritesheet.png
  artifactKey: Guid(8654f18e6a3b143de95d49326d49cdd5) Importer(815301076,1909f56bfc062723c751e8b465ee728b)
Start importing Assets/Sprites/Enemies/Great Beholder/Great Beholder Spritesheet.png using Guid(8654f18e6a3b143de95d49326d49cdd5) Importer(815301076,1909f56bfc062723c751e8b465ee728b)  -> (artifact id: 'e8d25cbd9c2e71c20060a01fca6129e2') in 0.015068 seconds 
========================================================================
Received Import Request.
  Time since last request: 16.156455 seconds.
  path: Assets/Sprites/Enemies/Great Beholder/Great Beholder Spritesheet.png
  artifactKey: Guid(8654f18e6a3b143de95d49326d49cdd5) Importer(815301076,1909f56bfc062723c751e8b465ee728b)
Start importing Assets/Sprites/Enemies/Great Beholder/Great Beholder Spritesheet.png using Guid(8654f18e6a3b143de95d49326d49cdd5) Importer(815301076,1909f56bfc062723c751e8b465ee728b)  -> (artifact id: '99b0f4fa15e37375d6fc580c079eca9f') in 0.007296 seconds 
========================================================================
Received Import Request.
  Time since last request: 14.666413 seconds.
  path: Assets/Sprites/Enemies/Great Beholder/Great Beholder Spritesheet.png
  artifactKey: Guid(8654f18e6a3b143de95d49326d49cdd5) Importer(815301076,1909f56bfc062723c751e8b465ee728b)
Start importing Assets/Sprites/Enemies/Great Beholder/Great Beholder Spritesheet.png using Guid(8654f18e6a3b143de95d49326d49cdd5) Importer(815301076,1909f56bfc062723c751e8b465ee728b)  -> (artifact id: '5427b31f89ab1426a6b403e899c818f5') in 0.011668 seconds 
========================================================================
Received Import Request.
  Time since last request: 15.523735 seconds.
  path: Assets/Sprites/Enemies/Great Beholder/Great Beholder Spritesheet.png
  artifactKey: Guid(8654f18e6a3b143de95d49326d49cdd5) Importer(815301076,1909f56bfc062723c751e8b465ee728b)
Start importing Assets/Sprites/Enemies/Great Beholder/Great Beholder Spritesheet.png using Guid(8654f18e6a3b143de95d49326d49cdd5) Importer(815301076,1909f56bfc062723c751e8b465ee728b)  -> (artifact id: 'e36dc93be74d878c4a5aea39f359017e') in 0.052625 seconds 
========================================================================
Received Import Request.
  Time since last request: 12.872568 seconds.
  path: Assets/Sprites/Enemies/Great Beholder/Great Beholder Spritesheet.png
  artifactKey: Guid(8654f18e6a3b143de95d49326d49cdd5) Importer(815301076,1909f56bfc062723c751e8b465ee728b)
Start importing Assets/Sprites/Enemies/Great Beholder/Great Beholder Spritesheet.png using Guid(8654f18e6a3b143de95d49326d49cdd5) Importer(815301076,1909f56bfc062723c751e8b465ee728b)  -> (artifact id: '814671ed3b2a383212c974bcddf92ff0') in 0.052404 seconds 
========================================================================
Received Import Request.
  Time since last request: 853.307205 seconds.
  path: Assets/Sprites/Enemies/Great Beholder/Great Beholder Spritesheet.png
  artifactKey: Guid(8654f18e6a3b143de95d49326d49cdd5) Importer(815301076,1909f56bfc062723c751e8b465ee728b)
Start importing Assets/Sprites/Enemies/Great Beholder/Great Beholder Spritesheet.png using Guid(8654f18e6a3b143de95d49326d49cdd5) Importer(815301076,1909f56bfc062723c751e8b465ee728b)  -> (artifact id: '7d3d2f39c57abab9d9710f6e36947cbf') in 0.067800 seconds 
========================================================================
Received Import Request.
  Time since last request: 80.345192 seconds.
  path: Assets/Prefabs/Enemies/Great Beholder.prefab
  artifactKey: Guid(11a40c58c96004e099de58fcb05ceca1) Importer(815301076,1909f56bfc062723c751e8b465ee728b)
Start importing Assets/Prefabs/Enemies/Great Beholder.prefab using Guid(11a40c58c96004e099de58fcb05ceca1) Importer(815301076,1909f56bfc062723c751e8b465ee728b)  -> (artifact id: 'a7fd3b123f551cfd132ebd831fdf762b') in 0.045013 seconds 
========================================================================
Received Import Request.
  Time since last request: 52.270572 seconds.
  path: Assets/Animation/Enemies/Great Beholder/Great Beholder - Attack.anim
  artifactKey: Guid(a33908e518a96482cba58e20334441e3) Importer(815301076,1909f56bfc062723c751e8b465ee728b)
Start importing Assets/Animation/Enemies/Great Beholder/Great Beholder - Attack.anim using Guid(a33908e518a96482cba58e20334441e3) Importer(815301076,1909f56bfc062723c751e8b465ee728b)  -> (artifact id: 'd216634c040f3edf2d06ae080193416e') in 0.008877 seconds 
========================================================================
Received Prepare
Registering precompiled user dll's ...
Registered in 0.001742 seconds.
Begin MonoManager ReloadAssembly
Symbol file LoadedFromMemory doesn't match image /Users/ray/Desktop/Projects/Github/DungeonHunter/DungeonHunter/Library/PackageCache/com.unity.collab-proxy@1.15.15/Lib/Editor/PlasticSCM/unityplastic.dll
Native extension for WindowsStandalone target not found
Native extension for OSXStandalone target not found
Refreshing native plugins compatible for Editor in 0.45 ms, found 3 plugins.
Preloading 0 native plugins for Editor in 0.00 ms.
2022-05-28 12:46:54.586 Unity[10025:959784] NSEventModifierFlagFunction specified to -setKeyEquivalentModifierMask: for item <NSMenuItem: 0x6000030544d0 Font Asset, ke='Command-F12'>, but is only supported for system-provided menu items; will not be used
Mono: successfully reloaded assembly
- Completed reload, in  2.296 seconds
Domain Reload Profiling:
	ReloadAssembly (2297ms)
		BeginReloadAssembly (253ms)
			ExecutionOrderSort (0ms)
			DisableScriptedObjects (41ms)
			BackupInstance (0ms)
			ReleaseScriptingObjects (0ms)
			CreateAndSetChildDomain (105ms)
		EndReloadAssembly (1943ms)
			LoadAssemblies (153ms)
			RebuildTransferFunctionScriptingTraits (0ms)
			SetupTypeCache (395ms)
			ReleaseScriptCaches (5ms)
			RebuildScriptCaches (65ms)
			SetupLoadedEditorAssemblies (1015ms)
				LogAssemblyErrors (0ms)
				InitializePlatformSupportModulesInManaged (21ms)
				SetLoadedEditorAssemblies (1ms)
				RefreshPlugins (0ms)
				BeforeProcessingInitializeOnLoad (249ms)
				ProcessInitializeOnLoadAttributes (702ms)
				ProcessInitializeOnLoadMethodAttributes (40ms)
				AfterProcessingInitializeOnLoad (1ms)
				EditorAssembliesLoaded (0ms)
			ExecutionOrderSort2 (0ms)
			AwakeInstancesAfterBackupRestoration (39ms)
Platform modules already initialized, skipping
Refreshing native plugins compatible for Editor in 0.49 ms, found 3 plugins.
Preloading 0 native plugins for Editor in 0.00 ms.
Unloading 2256 Unused Serialized files (Serialized files now loaded: 0)
System memory in use before: 231.3 MB.
System memory in use after: 231.5 MB.

Unloading 14 unused Assets to reduce memory usage. Loaded Objects now: 2778.
Total: 2.773792 ms (FindLiveObjects: 0.110500 ms CreateObjectMapping: 0.045583 ms MarkObjects: 2.584750 ms  DeleteObjects: 0.031666 ms)

AssetImportParameters requested are different than current active one (requested -> active):
  custom:video-decoder-ogg-theora: a1e56fd34408186e4bbccfd4996cb3dc -> 
  custom:container-muxer-webm: aa71ff27fc2769a1b78a27578f13a17b -> 
  custom:container-demuxer-webm: 4f35f7cbe854078d1ac9338744f61a02 -> 
  custom:container-demuxer-ogg: 62fdf1f143b41e24485cea50d1cbac27 -> 
  custom:video-encoder-webm-vp8: eb34c28f22e8b96e1ab97ce403110664 -> 
  custom:framework-osx-AVFoundation: e770b220cccbd017edd2c1fefb359320 -> 
  custom:video-decoder-webm-vp8: 9c59270c3fd7afecdb556c50c9e8de78 -> 
  custom:audio-decoder-ogg-vorbis: bf7c407c2cedff20999df2af8eb42d56 -> 
  custom:audio-encoder-webm-vorbis: bf7c407c2cedff20999df2af8eb42d56 -> 
========================================================================
Received Import Request.
  Time since last request: 716.645919 seconds.
  path: Assets/Animation/Enemies/Great Beholder/Great Beholder - Hurt.anim
  artifactKey: Guid(fb846f571538a4f4ba6ebf0ee5f35414) Importer(815301076,1909f56bfc062723c751e8b465ee728b)
Start importing Assets/Animation/Enemies/Great Beholder/Great Beholder - Hurt.anim using Guid(fb846f571538a4f4ba6ebf0ee5f35414) Importer(815301076,1909f56bfc062723c751e8b465ee728b)  -> (artifact id: 'f50cd4cb36d41ee135cd26a73ceea461') in 0.058525 seconds 
========================================================================
Received Import Request.
  Time since last request: 56.423301 seconds.
  path: Assets/Sprites/Enemies/Great Beholder/Great Beholder Spritesheet.png
  artifactKey: Guid(8654f18e6a3b143de95d49326d49cdd5) Importer(815301076,1909f56bfc062723c751e8b465ee728b)
Start importing Assets/Sprites/Enemies/Great Beholder/Great Beholder Spritesheet.png using Guid(8654f18e6a3b143de95d49326d49cdd5) Importer(815301076,1909f56bfc062723c751e8b465ee728b)  -> (artifact id: '0aeea371d11c1049672bdf2226a1f339') in 0.232427 seconds 
========================================================================
Received Import Request.
  Time since last request: 29.939491 seconds.
  path: Assets/Animation/Enemies/Great Beholder/Great Beholder - Death.anim
  artifactKey: Guid(1cc232764b8e54a3ebe0c2469e04b303) Importer(815301076,1909f56bfc062723c751e8b465ee728b)
Start importing Assets/Animation/Enemies/Great Beholder/Great Beholder - Death.anim using Guid(1cc232764b8e54a3ebe0c2469e04b303) Importer(815301076,1909f56bfc062723c751e8b465ee728b)  -> (artifact id: 'f917c38ba3ef69ef8881e33e89f81df3') in 0.013215 seconds 
========================================================================
Received Import Request.
  Time since last request: 8.431387 seconds.
  path: Assets/Animation/Enemies/Great Beholder/Great Beholder - Death.anim
  artifactKey: Guid(1cc232764b8e54a3ebe0c2469e04b303) Importer(815301076,1909f56bfc062723c751e8b465ee728b)
Start importing Assets/Animation/Enemies/Great Beholder/Great Beholder - Death.anim using Guid(1cc232764b8e54a3ebe0c2469e04b303) Importer(815301076,1909f56bfc062723c751e8b465ee728b)  -> (artifact id: 'bc2482f35cd77b6dfa12a251f27ea69e') in 0.002730 seconds 
========================================================================
Received Import Request.
  Time since last request: 185.221031 seconds.
  path: Assets/Sprites/Enemies/Great Beholder/Great Beholder Spritesheet.png
  artifactKey: Guid(8654f18e6a3b143de95d49326d49cdd5) Importer(815301076,1909f56bfc062723c751e8b465ee728b)
Start importing Assets/Sprites/Enemies/Great Beholder/Great Beholder Spritesheet.png using Guid(8654f18e6a3b143de95d49326d49cdd5) Importer(815301076,1909f56bfc062723c751e8b465ee728b)  -> (artifact id: '7543e2bf416f835c0e6b9852427a5d7d') in 0.104871 seconds 
========================================================================
Received Import Request.
  Time since last request: 32.938591 seconds.
  path: Assets/Animation/Enemies/Great Beholder/Great Beholder - Attack.anim
  artifactKey: Guid(a33908e518a96482cba58e20334441e3) Importer(815301076,1909f56bfc062723c751e8b465ee728b)
Start importing Assets/Animation/Enemies/Great Beholder/Great Beholder - Attack.anim using Guid(a33908e518a96482cba58e20334441e3) Importer(815301076,1909f56bfc062723c751e8b465ee728b)  -> (artifact id: '009e05da10bb8cb01955f8c2a909bcdf') in 0.006779 seconds 
========================================================================
Received Import Request.
  Time since last request: 2.238640 seconds.
  path: Assets/Animation/Enemies/Great Beholder/Great Beholder - Death.anim
  artifactKey: Guid(1cc232764b8e54a3ebe0c2469e04b303) Importer(815301076,1909f56bfc062723c751e8b465ee728b)
Start importing Assets/Animation/Enemies/Great Beholder/Great Beholder - Death.anim using Guid(1cc232764b8e54a3ebe0c2469e04b303) Importer(815301076,1909f56bfc062723c751e8b465ee728b)  -> (artifact id: '69a80acc185c79c29eef8003ef9ca263') in 0.002624 seconds 
========================================================================
Received Import Request.
  Time since last request: 63.816099 seconds.
  path: Assets/Animation/Enemies/Great Beholder/Great Beholder Animator.controller
  artifactKey: Guid(8d4399087bd9740729e3e8e6c247b286) Importer(815301076,1909f56bfc062723c751e8b465ee728b)
Start importing Assets/Animation/Enemies/Great Beholder/Great Beholder Animator.controller using Guid(8d4399087bd9740729e3e8e6c247b286) Importer(815301076,1909f56bfc062723c751e8b465ee728b)  -> (artifact id: '42ea82cdc61375fc175b3fcf58b74a2c') in 0.041933 seconds 
========================================================================
Received Import Request.
  Time since last request: 66.583679 seconds.
  path: Assets/Animation/Enemies/Great Beholder/Great Beholder Animator.controller
  artifactKey: Guid(8d4399087bd9740729e3e8e6c247b286) Importer(815301076,1909f56bfc062723c751e8b465ee728b)
Start importing Assets/Animation/Enemies/Great Beholder/Great Beholder Animator.controller using Guid(8d4399087bd9740729e3e8e6c247b286) Importer(815301076,1909f56bfc062723c751e8b465ee728b)  -> (artifact id: '61fc0a6b954124b69d15fcb540863c40') in 0.008974 seconds 
========================================================================
Received Import Request.
  Time since last request: 27.075845 seconds.
  path: Assets/Animation/Enemies/Great Beholder/Great Beholder Animator.controller
  artifactKey: Guid(8d4399087bd9740729e3e8e6c247b286) Importer(815301076,1909f56bfc062723c751e8b465ee728b)
Start importing Assets/Animation/Enemies/Great Beholder/Great Beholder Animator.controller using Guid(8d4399087bd9740729e3e8e6c247b286) Importer(815301076,1909f56bfc062723c751e8b465ee728b)  -> (artifact id: 'd2bcad3b31af9104c5038a2117b64232') in 0.006357 seconds 
========================================================================
Received Import Request.
  Time since last request: 124.689570 seconds.
  path: Assets/Animation/Enemies/Great Beholder/Great Beholder Animator.controller
  artifactKey: Guid(8d4399087bd9740729e3e8e6c247b286) Importer(815301076,1909f56bfc062723c751e8b465ee728b)
Start importing Assets/Animation/Enemies/Great Beholder/Great Beholder Animator.controller using Guid(8d4399087bd9740729e3e8e6c247b286) Importer(815301076,1909f56bfc062723c751e8b465ee728b)  -> (artifact id: '8ae28e08bca1d3231986ff24f5d14549') in 0.016812 seconds 
========================================================================
Received Import Request.
  Time since last request: 0.732333 seconds.
  path: Assets/Animation/Enemies/Great Beholder/Great Beholder Animator.controller
  artifactKey: Guid(8d4399087bd9740729e3e8e6c247b286) Importer(815301076,1909f56bfc062723c751e8b465ee728b)
Start importing Assets/Animation/Enemies/Great Beholder/Great Beholder Animator.controller using Guid(8d4399087bd9740729e3e8e6c247b286) Importer(815301076,1909f56bfc062723c751e8b465ee728b)  -> (artifact id: '46f0424862681d7f6667c193395c4b44') in 0.003975 seconds 
========================================================================
Received Import Request.
  Time since last request: 15.448282 seconds.
  path: Assets/Animation/Enemies/Great Beholder/Great Beholder Animator.controller
  artifactKey: Guid(8d4399087bd9740729e3e8e6c247b286) Importer(815301076,1909f56bfc062723c751e8b465ee728b)
Start importing Assets/Animation/Enemies/Great Beholder/Great Beholder Animator.controller using Guid(8d4399087bd9740729e3e8e6c247b286) Importer(815301076,1909f56bfc062723c751e8b465ee728b)  -> (artifact id: '2c0d2c2e457ea99024c1585ed106f302') in 0.003757 seconds 
